<?xml version="1.0" encoding="UTF-8"?>
<!-- Generated by org.testng.reporters.JUnitXMLReporter -->
<testsuite hostname="LP-5CD2081L0B" ignored="4" tests="1" failures="0" timestamp="27 Jul 2023 12:31:21 GMT" time="3.164" errors="0">
  <testcase name="auth" time="3.144" classname="TestAPI"/>
  <testcase name="post" time="0.0" classname="TestAPI">
    <ignored/>
  </testcase> <!-- post -->
  <testcase name="getmethod" time="0.0" classname="TestAPI">
    <ignored/>
  </testcase> <!-- getmethod -->
  <testcase name="getmethod_bddstyle" time="0.0" classname="TestAPI">
    <ignored/>
  </testcase> <!-- getmethod_bddstyle -->
  <testcase name="delete" time="0.0" classname="TestAPI">
    <ignored/>
  </testcase> <!-- delete -->
</testsuite>
