<?xml version="1.0" encoding="UTF-8"?>
<testng-results skipped="0" failed="0" ignored="4" total="5" passed="1">
  <reporter-output>
  </reporter-output>
  <suite name="Default suite" duration-ms="3164" started-at="2023-07-27T12:31:18Z" finished-at="2023-07-27T12:31:21Z">
    <groups>
    </groups>
    <test name="Default test" duration-ms="3164" started-at="2023-07-27T12:31:18Z" finished-at="2023-07-27T12:31:21Z">
      <class name="TestAPI">
        <test-method status="PASS" signature="auth()[pri:0, instance:TestAPI@548b7f67]" name="auth" duration-ms="3144" started-at="2023-07-27T18:01:18Z" finished-at="2023-07-27T18:01:21Z">
          <reporter-output>
          </reporter-output>
        </test-method> <!-- auth -->
      </class> <!-- TestAPI -->
    </test> <!-- Default test -->
  </suite> <!-- Default suite -->
</testng-results>
